{
  "RSpec": {
    "coverage": {
      "/Users/dan/Desktop/Dev/lend_and_tend/app/models/user.rb": [
        1,
        null,
        null,
        null,
        1,
        1,
        1,
        null,
        1,
        null,
        1,
        null,
        null,
        1,
        null,
        1,
        5,
        5,
        5,
        5,
        5,
        null,
        null,
        null
      ],
      "/Users/dan/Desktop/Dev/lend_and_tend/app/helpers/application_helper.rb": [
        1,
        null,
        1,
        15,
        15,
        15,
        15,
        15,
        null,
        null,
        null,
        null,
        1,
        245,
        null,
        null,
        1,
        98,
        null,
        null,
        1,
        0,
        null,
        null
      ],
      "/Users/dan/Desktop/Dev/lend_and_tend/app/helpers/devise_helper.rb": [
        1,
        null,
        null,
        null,
        1,
        7,
        0,
        0,
        null,
        null,
        null,
        null,
        0,
        null,
        null
      ],
      "/Users/dan/Desktop/Dev/lend_and_tend/app/helpers/homepage_images_helper.rb": [
        1,
        null
      ],
      "/Users/dan/Desktop/Dev/lend_and_tend/app/helpers/pagination_helper.rb": [
        1,
        1,
        1,
        null,
        1,
        2,
        1,
        null,
        1,
        null,
        null,
        1,
        0,
        0,
        null,
        1,
        1,
        1,
        null,
        1,
        1,
        1,
        null,
        1,
        2,
        1,
        null,
        1,
        null,
        null,
        1,
        1,
        null,
        null,
        1,
        null,
        1,
        4,
        2,
        2,
        null,
        null,
        4,
        2,
        null,
        null,
        4,
        4,
        null,
        null,
        null
      ],
      "/Users/dan/Desktop/Dev/lend_and_tend/app/helpers/patches_helper.rb": [
        1,
        1,
        null,
        26,
        null,
        null,
        null,
        null,
        null,
        null,
        null,
        null,
        null,
        null,
        null,
        null,
        null
      ],
      "/Users/dan/Desktop/Dev/lend_and_tend/app/helpers/static_helper.rb": [
        1,
        null
      ],
      "/Users/dan/Desktop/Dev/lend_and_tend/app/helpers/user_avatars_helper.rb": [
        1,
        null
      ],
      "/Users/dan/Desktop/Dev/lend_and_tend/app/helpers/user_emails_helper.rb": [
        1,
        null
      ],
      "/Users/dan/Desktop/Dev/lend_and_tend/app/helpers/users_helper.rb": [
        1,
        null
      ],
      "/Users/dan/Desktop/Dev/lend_and_tend/app/controllers/homepage_images_controller.rb": [
        1,
        1,
        null,
        1,
        7,
        null,
        null,
        1,
        3,
        null,
        null,
        1,
        3,
        2,
        2,
        null,
        1,
        null,
        3,
        null,
        null,
        1,
        1,
        1,
        null,
        null,
        1,
        null,
        1,
        2,
        null,
        null,
        1,
        15,
        null,
        null,
        null
      ],
      "/Users/dan/Desktop/Dev/lend_and_tend/app/controllers/application_controller.rb": [
        1,
        null,
        null,
        1,
        1,
        null,
        null,
        1,
        37,
        null,
        null,
        1,
        null,
        1,
        74,
        51,
        47,
        null,
        null
      ],
      "/Users/dan/Desktop/Dev/lend_and_tend/app/controllers/patches_controller.rb": [
        1,
        1,
        null,
        1,
        15,
        15,
        null,
        null,
        1,
        8,
        8,
        8,
        6,
        null,
        6,
        null,
        2,
        2,
        null,
        null,
        null,
        1,
        10,
        null,
        null,
        1,
        null,
        1,
        8,
        null,
        8,
        null,
        null,
        1,
        8,
        null,
        null
      ],
      "/Users/dan/Desktop/Dev/lend_and_tend/app/controllers/static_controller.rb": [
        1,
        null,
        1,
        46,
        46,
        322,
        null,
        null,
        1,
        null,
        null,
        1,
        null,
        null,
        1,
        null,
        null
      ],
      "/Users/dan/Desktop/Dev/lend_and_tend/app/controllers/user_avatars_controller.rb": [
        1,
        null,
        1,
        1,
        1,
        null,
        null
      ],
      "/Users/dan/Desktop/Dev/lend_and_tend/app/controllers/user_emails_controller.rb": [
        1,
        null,
        1,
        null,
        1,
        null,
        null,
        null,
        1,
        2,
        2,
        null,
        null,
        1,
        3,
        null,
        null,
        null
      ],
      "/Users/dan/Desktop/Dev/lend_and_tend/app/controllers/users_controller.rb": [
        1,
        1,
        null,
        1,
        57,
        null,
        null,
        1,
        8,
        null,
        null,
        1,
        3,
        2,
        2,
        2,
        null,
        1,
        null,
        3,
        null,
        null,
        1,
        1,
        1,
        1,
        null,
        null
      ],
      "/Users/dan/Desktop/Dev/lend_and_tend/app/mailers/user_mailer.rb": [
        1,
        null,
        1,
        7,
        7,
        7,
        null,
        null
      ],
      "/Users/dan/Desktop/Dev/lend_and_tend/app/mailers/application_mailer.rb": [
        1,
        1,
        1,
        null
      ],
      "/Users/dan/Desktop/Dev/lend_and_tend/app/models/homepage_image.rb": [
        1,
        1,
        1,
        null
      ],
      "/Users/dan/Desktop/Dev/lend_and_tend/app/models/patch_image.rb": [
        1,
        1,
        1,
        null,
        1,
        null,
        1,
        null
      ],
      "/Users/dan/Desktop/Dev/lend_and_tend/app/models/patch.rb": [
        1,
        1,
        null,
        1,
        null,
        1,
        1,
        null,
        1,
        1,
        1,
        1,
        null,
        1,
        18,
        null,
        3,
        null,
        15,
        null,
        null,
        null,
        1,
        15,
        8,
        null,
        null,
        15,
        null,
        null,
        null
      ],
      "/Users/dan/Desktop/Dev/lend_and_tend/app/models/user_avatar.rb": [
        1,
        1,
        1,
        null,
        1,
        null
      ],
      "/Users/dan/Desktop/Dev/lend_and_tend/app/controllers/users/omniauth_callbacks_controller.rb": [
        1,
        null,
        null,
        1,
        4,
        4,
        4,
        4,
        null,
        0,
        0,
        null,
        null,
        null,
        null
      ]
    },
    "timestamp": 1432910700
  }
}
