{
  "RSpec": {
    "coverage": {
      "/home/jade/Projects/lend_and_tend/app/models/user.rb": [
        1,
        null,
        null,
        1,
        1,
        1,
        1,
        null,
        1,
        null,
        null,
        1,
        null,
        1,
        4,
        4,
        4,
        4,
        4,
        null,
        null,
        null
      ],
      "/home/jade/Projects/lend_and_tend/app/helpers/application_helper.rb": [
        1,
        null,
        1,
        11,
        11,
        11,
        11,
        11,
        null,
        null,
        null,
        null,
        1,
        195,
        null,
        null,
        1,
        78,
        null,
        null,
        1,
        0,
        null,
        null
      ],
      "/home/jade/Projects/lend_and_tend/app/helpers/devise_helper.rb": [
        1,
        null,
        null,
        null,
        1,
        3,
        0,
        0,
        null,
        null,
        null,
        null,
        0,
        null,
        null
      ],
      "/home/jade/Projects/lend_and_tend/app/helpers/homepage_images_helper.rb": [
        1,
        null
      ],
      "/home/jade/Projects/lend_and_tend/app/helpers/pagination_helper.rb": [
        1,
        1,
        1,
        null,
        1,
        0,
        0,
        null,
        0,
        null,
        null,
        1,
        0,
        0,
        null,
        1,
        0,
        0,
        null,
        1,
        0,
        0,
        null,
        1,
        0,
        0,
        null,
        0,
        null,
        null,
        1,
        0,
        null,
        null,
        1,
        null,
        1,
        0,
        0,
        0,
        null,
        null,
        0,
        0,
        null,
        null,
        0,
        0,
        null,
        null,
        null
      ],
      "/home/jade/Projects/lend_and_tend/app/helpers/patches_helper.rb": [
        1,
        1,
        null,
        18,
        null,
        null,
        null,
        null,
        null,
        null,
        null,
        null,
        null,
        null,
        null,
        null,
        null
      ],
      "/home/jade/Projects/lend_and_tend/app/helpers/static_helper.rb": [
        1,
        null
      ],
      "/home/jade/Projects/lend_and_tend/app/helpers/user_avatars_helper.rb": [
        1,
        null
      ],
      "/home/jade/Projects/lend_and_tend/app/helpers/user_emails_helper.rb": [
        1,
        null
      ],
      "/home/jade/Projects/lend_and_tend/app/helpers/users_helper.rb": [
        1,
        null
      ],
      "/home/jade/Projects/lend_and_tend/app/controllers/homepage_images_controller.rb": [
        1,
        1,
        null,
        1,
        5,
        null,
        null,
        1,
        2,
        null,
        null,
        1,
        2,
        2,
        null,
        null,
        1,
        1,
        1,
        null,
        null,
        1,
        null,
        1,
        2,
        null,
        null,
        1,
        11,
        null,
        null,
        null
      ],
      "/home/jade/Projects/lend_and_tend/app/controllers/application_controller.rb": [
        1,
        null,
        null,
        1,
        1,
        null,
        null,
        1,
        29,
        null,
        null,
        1,
        null,
        1,
        54,
        36,
        33,
        null,
        null
      ],
      "/home/jade/Projects/lend_and_tend/app/controllers/patches_controller.rb": [
        1,
        1,
        null,
        1,
        11,
        11,
        null,
        null,
        1,
        5,
        5,
        5,
        4,
        null,
        4,
        null,
        1,
        1,
        null,
        null,
        null,
        1,
        6,
        null,
        null,
        1,
        null,
        1,
        5,
        null,
        5,
        null,
        null,
        1,
        5,
        null,
        null
      ],
      "/home/jade/Projects/lend_and_tend/app/controllers/static_controller.rb": [
        1,
        null,
        1,
        null,
        null,
        1,
        null,
        null,
        1,
        null,
        null,
        1,
        null,
        null,
        null
      ],
      "/home/jade/Projects/lend_and_tend/app/controllers/user_avatars_controller.rb": [
        1,
        null,
        1,
        1,
        1,
        null,
        null
      ],
      "/home/jade/Projects/lend_and_tend/app/controllers/user_emails_controller.rb": [
        1,
        null,
        1,
        null,
        1,
        null,
        null,
        null,
        1,
        2,
        2,
        null,
        null,
        1,
        3,
        null,
        null,
        null
      ],
      "/home/jade/Projects/lend_and_tend/app/controllers/users_controller.rb": [
        1,
        null,
        1,
        47,
        null,
        null,
        1,
        null,
        null,
        1,
        3,
        3,
        null,
        3,
        3,
        3,
        null,
        null
      ],
      "/home/jade/Projects/lend_and_tend/app/mailers/user_mailer.rb": [
        1,
        null,
        1,
        7,
        7,
        7,
        null,
        null
      ],
      "/home/jade/Projects/lend_and_tend/app/mailers/application_mailer.rb": [
        1,
        1,
        1,
        null
      ],
      "/home/jade/Projects/lend_and_tend/app/models/homepage_image.rb": [
        1,
        1,
        1,
        null
      ],
      "/home/jade/Projects/lend_and_tend/app/models/patch_image.rb": [
        1,
        1,
        1,
        null,
        1,
        null,
        1,
        null
      ],
      "/home/jade/Projects/lend_and_tend/app/models/patch.rb": [
        1,
        1,
        null,
        1,
        null,
        1,
        1,
        null,
        1,
        1,
        1,
        null,
        1,
        null,
        null,
        11,
        10,
        null,
        null,
        1,
        11,
        8,
        null,
        null,
        11,
        null,
        null,
        null
      ],
      "/home/jade/Projects/lend_and_tend/app/models/user_avatar.rb": [
        1,
        1,
        1,
        null,
        1,
        null
      ],
      "/home/jade/Projects/lend_and_tend/app/controllers/users/omniauth_callbacks_controller.rb": [
        1,
        null,
        null,
        1,
        3,
        3,
        3,
        3,
        null,
        0,
        0,
        null,
        null,
        null,
        null
      ]
    },
    "timestamp": 1432724368
  }
}
